2025-04-08 19:34:38,200 - INFO - Use pytorch device_name: cpu
2025-04-08 19:34:38,200 - INFO - Load pretrained SentenceTransformer: sentence-transformers/all-mpnet-base-v2
2025-04-08 19:34:43,006 - WARNING - Xet Storage is enabled for this repo, but the 'hf_xet' package is not installed. Falling back to regular HTTP download. For better performance, install the package with: `pip install huggingface_hub[hf_xet]` or `pip install hf_xet`
2025-04-08 19:35:11,481 - INFO - \U0001f4c2 \u0110ang load bi\u1ec3u m\u1eabu t\u1eeb th\u01b0 m\u1ee5c m\u1eb7c \u0111\u1ecbnh: D:\MonHoc\DoAn\DoAnCoSo\BIEUMAU
2025-04-08 19:37:07,480 - INFO - Use pytorch device_name: cpu
2025-04-08 19:37:07,480 - INFO - Load pretrained SentenceTransformer: sentence-transformers/all-mpnet-base-v2
2025-04-08 19:37:10,798 - INFO - \U0001f4c2 \u0110ang load bi\u1ec3u m\u1eabu t\u1eeb th\u01b0 m\u1ee5c m\u1eb7c \u0111\u1ecbnh: D:\MonHoc\DoAn\DoAnCoSo\BIEUMAU
2025-04-08 19:38:50,829 - INFO - Use pytorch device_name: cpu
2025-04-08 19:38:50,829 - INFO - Load pretrained SentenceTransformer: sentence-transformers/all-mpnet-base-v2
2025-04-08 19:38:54,181 - INFO - \U0001f4c2 \u0110ang load bi\u1ec3u m\u1eabu t\u1eeb th\u01b0 m\u1ee5c m\u1eb7c \u0111\u1ecbnh: D:\MonHoc\DoAn\DoAnCoSo\BIEUMAU
2025-04-08 19:39:10,558 - INFO - Use pytorch device_name: cpu
2025-04-08 19:39:10,558 - INFO - Load pretrained SentenceTransformer: sentence-transformers/all-mpnet-base-v2
2025-04-08 19:39:15,075 - INFO - \U0001f4c2 \u0110ang load bi\u1ec3u m\u1eabu t\u1eeb th\u01b0 m\u1ee5c m\u1eb7c \u0111\u1ecbnh: D:\MonHoc\DoAn\DoAnCoSo\BIEUMAU
2025-04-08 19:39:22,861 - INFO - Use pytorch device_name: cpu
2025-04-08 19:39:22,861 - INFO - Load pretrained SentenceTransformer: sentence-transformers/all-mpnet-base-v2
2025-04-08 19:39:26,668 - INFO - \U0001f4c2 \u0110ang load bi\u1ec3u m\u1eabu t\u1eeb th\u01b0 m\u1ee5c m\u1eb7c \u0111\u1ecbnh: D:\MonHoc\DoAn\DoAnCoSo\BIEUMAU
2025-04-14 09:17:11,960 - INFO - Use pytorch device_name: cpu
2025-04-14 09:17:11,960 - INFO - Load pretrained SentenceTransformer: sentence-transformers/all-mpnet-base-v2
2025-04-14 09:17:15,420 - INFO - \U0001f4c2 \u0110ang load bi\u1ec3u m\u1eabu t\u1eeb th\u01b0 m\u1ee5c m\u1eb7c \u0111\u1ecbnh: D:\MonHoc\DoAn\DoAnCoSo\BIEUMAU
2025-04-18 21:04:26,443 - INFO - Use pytorch device_name: cpu
2025-04-18 21:04:26,443 - INFO - Load pretrained SentenceTransformer: sentence-transformers/all-mpnet-base-v2
2025-04-18 21:04:29,918 - INFO - \U0001f4c2 \u0110ang load bi\u1ec3u m\u1eabu t\u1eeb th\u01b0 m\u1ee5c m\u1eb7c \u0111\u1ecbnh: D:\MonHoc\DoAn\DoAnCoSo\BIEUMAU
2025-04-18 21:04:37,111 - INFO - Use pytorch device_name: cpu
2025-04-18 21:04:37,111 - INFO - Load pretrained SentenceTransformer: sentence-transformers/all-mpnet-base-v2
2025-04-18 21:04:41,681 - INFO - \U0001f4c2 \u0110ang load bi\u1ec3u m\u1eabu t\u1eeb th\u01b0 m\u1ee5c m\u1eb7c \u0111\u1ecbnh: D:\MonHoc\DoAn\DoAnCoSo\BIEUMAU
2025-04-18 21:10:46,499 - INFO - Use pytorch device_name: cpu
2025-04-18 21:10:46,499 - INFO - Load pretrained SentenceTransformer: sentence-transformers/all-mpnet-base-v2
2025-04-18 21:10:50,881 - INFO - \U0001f4c2 \u0110ang load bi\u1ec3u m\u1eabu t\u1eeb th\u01b0 m\u1ee5c m\u1eb7c \u0111\u1ecbnh: D:\semantic-search-project\Form
2025-04-18 21:18:00,948 - INFO - Use pytorch device_name: cpu
2025-04-18 21:18:00,948 - INFO - Load pretrained SentenceTransformer: sentence-transformers/all-mpnet-base-v2
2025-04-18 21:18:07,892 - INFO - \U0001f4c2 \u0110ang load bi\u1ec3u m\u1eabu t\u1eeb th\u01b0 m\u1ee5c m\u1eb7c \u0111\u1ecbnh: D:\semantic_search_project\Form
2025-04-19 18:06:29,469 - INFO - Use pytorch device_name: cpu
2025-04-19 18:06:29,469 - INFO - Load pretrained SentenceTransformer: sentence-transformers/all-mpnet-base-v2
2025-04-19 18:06:33,056 - INFO - \U0001f4c2 \u0110ang load bi\u1ec3u m\u1eabu t\u1eeb th\u01b0 m\u1ee5c m\u1eb7c \u0111\u1ecbnh: D:\semantic_search_project\Form
2025-04-19 18:06:40,567 - INFO - Use pytorch device_name: cpu
2025-04-19 18:06:40,567 - INFO - Load pretrained SentenceTransformer: sentence-transformers/all-mpnet-base-v2
2025-04-19 18:06:43,851 - INFO - \U0001f4c2 \u0110ang load bi\u1ec3u m\u1eabu t\u1eeb th\u01b0 m\u1ee5c m\u1eb7c \u0111\u1ecbnh: D:\semantic_search_project\Form
2025-04-19 18:11:13,662 - INFO - Use pytorch device_name: cpu
2025-04-19 18:11:13,663 - INFO - Load pretrained SentenceTransformer: sentence-transformers/all-mpnet-base-v2
2025-04-19 18:11:16,954 - INFO - \U0001f4c2 \u0110ang load bi\u1ec3u m\u1eabu t\u1eeb th\u01b0 m\u1ee5c m\u1eb7c \u0111\u1ecbnh: D:\semantic_search_project\Form
2025-04-19 18:12:23,167 - INFO - Use pytorch device_name: cpu
2025-04-19 18:12:23,168 - INFO - Load pretrained SentenceTransformer: sentence-transformers/all-mpnet-base-v2
2025-04-19 18:12:26,508 - INFO - \U0001f4c2 \u0110ang load bi\u1ec3u m\u1eabu t\u1eeb th\u01b0 m\u1ee5c m\u1eb7c \u0111\u1ecbnh: D:\semantic_search_project\Form
2025-04-19 18:13:42,676 - INFO - Use pytorch device_name: cpu
2025-04-19 18:13:42,676 - INFO - Load pretrained SentenceTransformer: sentence-transformers/all-mpnet-base-v2
2025-04-19 18:13:45,825 - INFO - \U0001f4c2 \u0110ang load bi\u1ec3u m\u1eabu t\u1eeb th\u01b0 m\u1ee5c m\u1eb7c \u0111\u1ecbnh: D:\semantic_search_project\Form
2025-04-19 18:13:54,052 - INFO - Use pytorch device_name: cpu
2025-04-19 18:13:54,052 - INFO - Load pretrained SentenceTransformer: sentence-transformers/all-mpnet-base-v2
2025-04-19 18:13:57,172 - INFO - \U0001f4c2 \u0110ang load bi\u1ec3u m\u1eabu t\u1eeb th\u01b0 m\u1ee5c m\u1eb7c \u0111\u1ecbnh: D:\semantic_search_project\Form
2025-04-19 20:07:33,766 - INFO - Use pytorch device_name: cpu
2025-04-19 20:07:33,766 - INFO - Load pretrained SentenceTransformer: sentence-transformers/all-mpnet-base-v2
2025-04-19 20:07:37,863 - INFO - \U0001f4c2 \u0110ang load bi\u1ec3u m\u1eabu t\u1eeb th\u01b0 m\u1ee5c m\u1eb7c \u0111\u1ecbnh: D:\semantic_search_project\Form
2025-04-21 22:50:56,574 - INFO - Use pytorch device_name: cpu
2025-04-21 22:50:56,575 - INFO - Load pretrained SentenceTransformer: sentence-transformers/all-mpnet-base-v2
2025-04-21 22:51:01,857 - INFO - \U0001f4c2 \u0110ang load bi\u1ec3u m\u1eabu t\u1eeb th\u01b0 m\u1ee5c m\u1eb7c \u0111\u1ecbnh: D:\semantic_search_project\Form
2025-04-21 22:59:52,589 - INFO - Use pytorch device_name: cpu
2025-04-21 22:59:52,589 - INFO - Load pretrained SentenceTransformer: sentence-transformers/all-mpnet-base-v2
2025-04-21 22:59:57,791 - INFO - \U0001f4c2 \u0110ang load bi\u1ec3u m\u1eabu t\u1eeb th\u01b0 m\u1ee5c m\u1eb7c \u0111\u1ecbnh: D:\semantic_search_project\Form
2025-04-24 08:45:06,823 - INFO - Use pytorch device_name: cpu
2025-04-24 08:45:06,823 - INFO - Load pretrained SentenceTransformer: sentence-transformers/all-mpnet-base-v2
2025-04-24 08:45:12,239 - INFO - \U0001f4c2 \u0110ang load bi\u1ec3u m\u1eabu t\u1eeb th\u01b0 m\u1ee5c m\u1eb7c \u0111\u1ecbnh: D:\semantic_search_project\Form
2025-05-05 11:25:47,550 - INFO - Use pytorch device_name: cpu
2025-05-05 11:25:47,550 - INFO - Load pretrained SentenceTransformer: sentence-transformers/all-mpnet-base-v2
2025-05-05 11:25:52,172 - INFO - \U0001f4c2 \u0110ang load bi\u1ec3u m\u1eabu t\u1eeb th\u01b0 m\u1ee5c m\u1eb7c \u0111\u1ecbnh: D:\semantic_search_project\Form
2025-05-06 12:43:09,688 - INFO - Use pytorch device_name: cpu
2025-05-06 12:43:09,689 - INFO - Load pretrained SentenceTransformer: sentence-transformers/all-mpnet-base-v2
2025-05-06 12:43:12,931 - INFO - \U0001f4c2 \u0110ang load bi\u1ec3u m\u1eabu t\u1eeb th\u01b0 m\u1ee5c m\u1eb7c \u0111\u1ecbnh: D:\semantic_search_project\Form
2025-05-07 13:27:39,389 - INFO - Use pytorch device_name: cpu
2025-05-07 13:27:39,389 - INFO - Load pretrained SentenceTransformer: sentence-transformers/all-mpnet-base-v2
2025-05-07 13:27:43,318 - INFO - \U0001f4c2 \u0110ang load bi\u1ec3u m\u1eabu t\u1eeb th\u01b0 m\u1ee5c m\u1eb7c \u0111\u1ecbnh: D:\semantic_search_project\Form
2025-05-08 07:25:02,228 - INFO - Use pytorch device_name: cpu
2025-05-08 07:25:02,229 - INFO - Load pretrained SentenceTransformer: sentence-transformers/all-mpnet-base-v2
2025-05-08 07:27:13,660 - INFO - Use pytorch device_name: cpu
2025-05-08 07:27:13,660 - INFO - Load pretrained SentenceTransformer: sentence-transformers/all-mpnet-base-v2
2025-05-08 07:27:20,203 - INFO - \U0001f4c2 \u0110ang load bi\u1ec3u m\u1eabu t\u1eeb th\u01b0 m\u1ee5c m\u1eb7c \u0111\u1ecbnh: D:\semantic_search_project\Form
2025-05-08 07:27:43,241 - INFO - Use pytorch device_name: cpu
2025-05-08 07:27:43,241 - INFO - Load pretrained SentenceTransformer: sentence-transformers/all-mpnet-base-v2
2025-05-08 07:27:48,480 - INFO - \U0001f4c2 \u0110ang load bi\u1ec3u m\u1eabu t\u1eeb th\u01b0 m\u1ee5c m\u1eb7c \u0111\u1ecbnh: D:\semantic_search_project\Form
2025-05-08 08:39:23,759 - INFO - Use pytorch device_name: cpu
2025-05-08 08:39:23,759 - INFO - Load pretrained SentenceTransformer: sentence-transformers/all-mpnet-base-v2
2025-05-08 08:39:28,069 - INFO - \U0001f4c2 \u0110ang load bi\u1ec3u m\u1eabu t\u1eeb th\u01b0 m\u1ee5c m\u1eb7c \u0111\u1ecbnh: D:\semantic_search_project\Form
2025-05-08 08:45:44,255 - INFO - Use pytorch device_name: cpu
2025-05-08 08:45:44,255 - INFO - Load pretrained SentenceTransformer: sentence-transformers/all-mpnet-base-v2
2025-05-08 08:45:47,941 - INFO - \U0001f4c2 \u0110ang load bi\u1ec3u m\u1eabu t\u1eeb th\u01b0 m\u1ee5c m\u1eb7c \u0111\u1ecbnh: D:\semantic_search_project\Form
2025-05-08 08:46:20,099 - INFO - Use pytorch device_name: cpu
2025-05-08 08:46:20,099 - INFO - Load pretrained SentenceTransformer: sentence-transformers/all-mpnet-base-v2
2025-05-08 08:46:24,361 - INFO - \U0001f4c2 \u0110ang load bi\u1ec3u m\u1eabu t\u1eeb th\u01b0 m\u1ee5c m\u1eb7c \u0111\u1ecbnh: D:\semantic_search_project\Form
2025-05-08 08:47:06,909 - INFO - Use pytorch device_name: cpu
2025-05-08 08:47:06,909 - INFO - Load pretrained SentenceTransformer: sentence-transformers/all-mpnet-base-v2
2025-05-08 08:47:10,585 - INFO - \U0001f4c2 \u0110ang load bi\u1ec3u m\u1eabu t\u1eeb th\u01b0 m\u1ee5c m\u1eb7c \u0111\u1ecbnh: D:\semantic_search_project\Form
2025-05-08 08:47:46,921 - INFO - Use pytorch device_name: cpu
2025-05-08 08:47:46,921 - INFO - Load pretrained SentenceTransformer: sentence-transformers/all-mpnet-base-v2
2025-05-08 08:47:51,301 - INFO - \U0001f4c2 \u0110ang load bi\u1ec3u m\u1eabu t\u1eeb th\u01b0 m\u1ee5c m\u1eb7c \u0111\u1ecbnh: D:\semantic_search_project\Form
2025-05-08 08:48:25,470 - INFO - Use pytorch device_name: cpu
2025-05-08 08:48:25,471 - INFO - Load pretrained SentenceTransformer: sentence-transformers/all-mpnet-base-v2
2025-05-08 08:48:28,943 - INFO - \U0001f4c2 \u0110ang load bi\u1ec3u m\u1eabu t\u1eeb th\u01b0 m\u1ee5c m\u1eb7c \u0111\u1ecbnh: D:\semantic_search_project\Form
2025-05-08 08:49:50,706 - INFO - Use pytorch device_name: cpu
2025-05-08 08:49:50,706 - INFO - Load pretrained SentenceTransformer: sentence-transformers/all-mpnet-base-v2
2025-05-08 08:49:54,866 - INFO - \U0001f4c2 \u0110ang load bi\u1ec3u m\u1eabu t\u1eeb th\u01b0 m\u1ee5c m\u1eb7c \u0111\u1ecbnh: D:\semantic_search_project\Form
2025-05-08 08:50:00,882 - INFO - Use pytorch device_name: cpu
2025-05-08 08:50:00,882 - INFO - Load pretrained SentenceTransformer: sentence-transformers/all-mpnet-base-v2
2025-05-08 08:50:05,450 - INFO - \U0001f4c2 \u0110ang load bi\u1ec3u m\u1eabu t\u1eeb th\u01b0 m\u1ee5c m\u1eb7c \u0111\u1ecbnh: D:\semantic_search_project\Form
2025-05-08 08:51:08,967 - INFO - Use pytorch device_name: cpu
2025-05-08 08:51:08,968 - INFO - Load pretrained SentenceTransformer: sentence-transformers/all-mpnet-base-v2
2025-05-08 08:51:14,287 - INFO - \U0001f4c2 \u0110ang load bi\u1ec3u m\u1eabu t\u1eeb th\u01b0 m\u1ee5c m\u1eb7c \u0111\u1ecbnh: D:\semantic_search_project\Form
2025-05-08 08:51:29,515 - INFO - Use pytorch device_name: cpu
2025-05-08 08:51:29,515 - INFO - Load pretrained SentenceTransformer: sentence-transformers/all-mpnet-base-v2
2025-05-08 08:51:33,859 - INFO - \U0001f4c2 \u0110ang load bi\u1ec3u m\u1eabu t\u1eeb th\u01b0 m\u1ee5c m\u1eb7c \u0111\u1ecbnh: D:\semantic_search_project\Form
2025-05-08 08:52:00,207 - INFO - Use pytorch device_name: cpu
2025-05-08 08:52:00,207 - INFO - Load pretrained SentenceTransformer: sentence-transformers/all-mpnet-base-v2
2025-05-08 08:52:05,571 - INFO - \U0001f4c2 \u0110ang load bi\u1ec3u m\u1eabu t\u1eeb th\u01b0 m\u1ee5c m\u1eb7c \u0111\u1ecbnh: D:\semantic_search_project\Form
2025-05-08 08:52:47,554 - INFO - Use pytorch device_name: cpu
2025-05-08 08:52:47,554 - INFO - Load pretrained SentenceTransformer: sentence-transformers/all-mpnet-base-v2
2025-05-08 08:52:51,173 - INFO - \U0001f4c2 \u0110ang load bi\u1ec3u m\u1eabu t\u1eeb th\u01b0 m\u1ee5c m\u1eb7c \u0111\u1ecbnh: D:\semantic_search_project\Form
2025-05-08 08:54:00,988 - INFO - Use pytorch device_name: cpu
2025-05-08 08:54:00,988 - INFO - Load pretrained SentenceTransformer: sentence-transformers/all-mpnet-base-v2
2025-05-08 08:54:04,570 - INFO - \U0001f4c2 \u0110ang load bi\u1ec3u m\u1eabu t\u1eeb th\u01b0 m\u1ee5c m\u1eb7c \u0111\u1ecbnh: D:\semantic_search_project\Form
2025-05-08 09:10:38,349 - INFO - Use pytorch device_name: cpu
2025-05-08 09:10:38,349 - INFO - Load pretrained SentenceTransformer: sentence-transformers/all-mpnet-base-v2
2025-05-08 09:10:44,067 - INFO - \U0001f4c2 \u0110ang load bi\u1ec3u m\u1eabu t\u1eeb th\u01b0 m\u1ee5c m\u1eb7c \u0111\u1ecbnh: D:\semantic_search_project\Form
2025-05-08 09:14:04,295 - INFO - Use pytorch device_name: cpu
2025-05-08 09:14:04,295 - INFO - Load pretrained SentenceTransformer: sentence-transformers/all-mpnet-base-v2
2025-05-08 09:14:08,437 - INFO - \U0001f4c2 \u0110ang load bi\u1ec3u m\u1eabu t\u1eeb th\u01b0 m\u1ee5c m\u1eb7c \u0111\u1ecbnh: D:\semantic_search_project\Form
2025-05-08 09:34:52,862 - INFO - Use pytorch device_name: cpu
2025-05-08 09:34:52,862 - INFO - Load pretrained SentenceTransformer: sentence-transformers/all-mpnet-base-v2
2025-05-08 09:34:57,903 - INFO - \U0001f4c2 \u0110ang load bi\u1ec3u m\u1eabu t\u1eeb th\u01b0 m\u1ee5c m\u1eb7c \u0111\u1ecbnh: D:\semantic_search_project\Form
2025-05-08 09:44:21,332 - INFO - Use pytorch device_name: cpu
2025-05-08 09:44:21,332 - INFO - Load pretrained SentenceTransformer: sentence-transformers/all-mpnet-base-v2
2025-05-08 09:44:27,047 - INFO - \U0001f4c2 \u0110ang load bi\u1ec3u m\u1eabu t\u1eeb th\u01b0 m\u1ee5c m\u1eb7c \u0111\u1ecbnh: D:\semantic_search_project\Form
2025-05-08 23:04:39,824 - INFO - Use pytorch device_name: cpu
2025-05-08 23:04:39,824 - INFO - Load pretrained SentenceTransformer: sentence-transformers/all-mpnet-base-v2
2025-05-08 17:20:54,468 - INFO - Use pytorch device_name: cpu
2025-05-08 17:20:54,469 - INFO - Load pretrained SentenceTransformer: sentence-transformers/all-mpnet-base-v2
2025-05-08 17:29:33,768 - INFO - Use pytorch device_name: cpu
2025-05-08 17:29:33,769 - INFO - Load pretrained SentenceTransformer: sentence-transformers/all-mpnet-base-v2
2025-05-08 17:35:10,900 - INFO - Use pytorch device_name: cpu
2025-05-08 17:35:10,900 - INFO - Load pretrained SentenceTransformer: sentence-transformers/all-mpnet-base-v2
2025-05-08 18:30:19,421 - INFO - Use pytorch device_name: cpu
2025-05-08 18:30:19,422 - INFO - Load pretrained SentenceTransformer: sentence-transformers/all-mpnet-base-v2
2025-05-08 18:32:08,074 - INFO - Use pytorch device_name: cpu
2025-05-08 18:32:08,075 - INFO - Load pretrained SentenceTransformer: sentence-transformers/all-mpnet-base-v2
2025-05-08 18:39:27,728 - INFO - Use pytorch device_name: cpu
2025-05-08 18:39:27,729 - INFO - Load pretrained SentenceTransformer: sentence-transformers/all-mpnet-base-v2
2025-05-08 18:44:35,760 - INFO - Use pytorch device_name: cpu
2025-05-08 18:44:35,761 - INFO - Load pretrained SentenceTransformer: sentence-transformers/all-mpnet-base-v2
2025-05-08 18:57:02,316 - INFO - Use pytorch device_name: cpu
2025-05-08 18:57:02,316 - INFO - Load pretrained SentenceTransformer: sentence-transformers/all-mpnet-base-v2
2025-05-08 19:07:21,838 - INFO - Use pytorch device_name: cpu
2025-05-08 19:07:21,839 - INFO - Load pretrained SentenceTransformer: sentence-transformers/all-mpnet-base-v2
2025-05-08 19:19:34,051 - INFO - Use pytorch device_name: cpu
2025-05-08 19:19:34,052 - INFO - Load pretrained SentenceTransformer: sentence-transformers/all-mpnet-base-v2
2025-05-08 19:22:43,401 - INFO - Use pytorch device_name: cpu
2025-05-08 19:22:43,402 - INFO - Load pretrained SentenceTransformer: sentence-transformers/all-mpnet-base-v2
2025-05-08 19:31:11,457 - INFO - Use pytorch device_name: cpu
2025-05-08 19:31:11,457 - INFO - Load pretrained SentenceTransformer: sentence-transformers/all-mpnet-base-v2
2025-05-08 19:35:50,583 - INFO - Use pytorch device_name: cpu
2025-05-08 19:35:50,584 - INFO - Load pretrained SentenceTransformer: sentence-transformers/all-mpnet-base-v2
2025-05-09 05:04:36,802 - INFO - Use pytorch device_name: cpu
2025-05-09 05:04:36,803 - INFO - Load pretrained SentenceTransformer: sentence-transformers/all-mpnet-base-v2
2025-05-09 06:22:24,944 - INFO - Use pytorch device_name: cpu
2025-05-09 06:22:24,945 - INFO - Load pretrained SentenceTransformer: sentence-transformers/all-mpnet-base-v2
2025-05-09 07:56:51,884 - INFO - Use pytorch device_name: cpu
2025-05-09 07:56:51,884 - INFO - Load pretrained SentenceTransformer: sentence-transformers/all-mpnet-base-v2
2025-05-09 08:05:02,602 - INFO - Use pytorch device_name: cpu
2025-05-09 08:05:02,603 - INFO - Load pretrained SentenceTransformer: sentence-transformers/all-mpnet-base-v2
2025-05-09 08:07:09,555 - INFO - Use pytorch device_name: cpu
2025-05-09 08:07:09,555 - INFO - Load pretrained SentenceTransformer: sentence-transformers/all-mpnet-base-v2
2025-05-09 08:09:51,453 - INFO - Use pytorch device_name: cpu
2025-05-09 08:09:51,453 - INFO - Load pretrained SentenceTransformer: sentence-transformers/all-mpnet-base-v2
2025-05-09 08:16:01,105 - INFO - Use pytorch device_name: cpu
2025-05-09 08:16:01,106 - INFO - Load pretrained SentenceTransformer: sentence-transformers/all-mpnet-base-v2
2025-05-09 08:33:34,467 - INFO - Use pytorch device_name: cpu
2025-05-09 08:33:34,468 - INFO - Load pretrained SentenceTransformer: sentence-transformers/all-mpnet-base-v2
2025-05-09 08:40:44,521 - INFO - Use pytorch device_name: cpu
2025-05-09 08:40:44,522 - INFO - Load pretrained SentenceTransformer: sentence-transformers/all-mpnet-base-v2
2025-05-09 08:41:21,731 - INFO - Use pytorch device_name: cpu
2025-05-09 08:41:21,732 - INFO - Load pretrained SentenceTransformer: sentence-transformers/all-mpnet-base-v2
2025-05-09 08:41:53,347 - INFO - Use pytorch device_name: cpu
2025-05-09 08:41:53,347 - INFO - Load pretrained SentenceTransformer: sentence-transformers/all-mpnet-base-v2
2025-05-09 08:42:13,559 - INFO - Use pytorch device_name: cpu
2025-05-09 08:42:13,559 - INFO - Load pretrained SentenceTransformer: sentence-transformers/all-mpnet-base-v2
2025-05-09 08:45:28,546 - INFO - Use pytorch device_name: cpu
2025-05-09 08:45:28,546 - INFO - Load pretrained SentenceTransformer: sentence-transformers/all-mpnet-base-v2
2025-05-09 08:46:28,982 - INFO - Use pytorch device_name: cpu
2025-05-09 08:46:28,982 - INFO - Load pretrained SentenceTransformer: sentence-transformers/all-mpnet-base-v2
2025-05-09 08:53:03,961 - INFO - Use pytorch device_name: cpu
2025-05-09 08:53:03,961 - INFO - Load pretrained SentenceTransformer: sentence-transformers/all-mpnet-base-v2
2025-05-09 11:54:26,644 - INFO - Use pytorch device_name: cpu
2025-05-09 11:54:26,645 - INFO - Load pretrained SentenceTransformer: sentence-transformers/all-mpnet-base-v2
2025-05-09 13:00:02,780 - INFO - Use pytorch device_name: cpu
2025-05-09 13:00:02,781 - INFO - Load pretrained SentenceTransformer: sentence-transformers/all-mpnet-base-v2
2025-05-09 13:10:13,038 - INFO - Use pytorch device_name: cpu
2025-05-09 13:10:13,039 - INFO - Load pretrained SentenceTransformer: sentence-transformers/all-mpnet-base-v2
2025-05-09 13:13:12,478 - INFO - Use pytorch device_name: cpu
2025-05-09 13:13:12,478 - INFO - Load pretrained SentenceTransformer: sentence-transformers/all-mpnet-base-v2
2025-05-09 13:17:38,606 - INFO - Use pytorch device_name: cpu
2025-05-09 13:17:38,607 - INFO - Load pretrained SentenceTransformer: sentence-transformers/all-mpnet-base-v2
2025-05-09 13:17:52,375 - INFO - Use pytorch device_name: cpu
2025-05-09 13:17:52,375 - INFO - Load pretrained SentenceTransformer: sentence-transformers/all-mpnet-base-v2
2025-05-09 13:18:40,442 - INFO - Use pytorch device_name: cpu
2025-05-09 13:18:40,443 - INFO - Load pretrained SentenceTransformer: sentence-transformers/all-mpnet-base-v2
2025-05-09 13:19:18,380 - INFO - Use pytorch device_name: cpu
2025-05-09 13:19:18,380 - INFO - Load pretrained SentenceTransformer: sentence-transformers/all-mpnet-base-v2
2025-05-09 13:20:20,192 - INFO - Use pytorch device_name: cpu
2025-05-09 13:20:20,192 - INFO - Load pretrained SentenceTransformer: sentence-transformers/all-mpnet-base-v2
2025-05-09 13:20:41,600 - INFO - Use pytorch device_name: cpu
2025-05-09 13:20:41,601 - INFO - Load pretrained SentenceTransformer: sentence-transformers/all-mpnet-base-v2
2025-05-09 13:31:26,942 - INFO - Use pytorch device_name: cpu
2025-05-09 13:31:26,942 - INFO - Load pretrained SentenceTransformer: sentence-transformers/all-mpnet-base-v2
2025-05-09 13:39:02,885 - INFO - Use pytorch device_name: cpu
2025-05-09 13:39:02,886 - INFO - Load pretrained SentenceTransformer: sentence-transformers/all-mpnet-base-v2
2025-05-09 13:41:00,595 - INFO - Use pytorch device_name: cpu
2025-05-09 13:41:00,596 - INFO - Load pretrained SentenceTransformer: sentence-transformers/all-mpnet-base-v2
2025-05-09 13:42:03,235 - INFO - Use pytorch device_name: cpu
2025-05-09 13:42:03,235 - INFO - Load pretrained SentenceTransformer: sentence-transformers/all-mpnet-base-v2
2025-05-09 13:48:46,610 - INFO - Use pytorch device_name: cpu
2025-05-09 13:48:46,611 - INFO - Load pretrained SentenceTransformer: sentence-transformers/all-mpnet-base-v2
2025-05-09 13:51:26,587 - INFO - Use pytorch device_name: cpu
2025-05-09 13:51:26,587 - INFO - Load pretrained SentenceTransformer: sentence-transformers/all-mpnet-base-v2
2025-05-09 13:52:54,824 - INFO - Use pytorch device_name: cpu
2025-05-09 13:52:54,825 - INFO - Load pretrained SentenceTransformer: sentence-transformers/all-mpnet-base-v2
2025-05-09 13:58:51,959 - INFO - Use pytorch device_name: cpu
2025-05-09 13:58:51,960 - INFO - Load pretrained SentenceTransformer: sentence-transformers/all-mpnet-base-v2
2025-05-09 14:00:59,958 - INFO - Use pytorch device_name: cpu
2025-05-09 14:00:59,958 - INFO - Load pretrained SentenceTransformer: sentence-transformers/all-mpnet-base-v2
2025-05-09 14:04:41,864 - INFO - Use pytorch device_name: cpu
2025-05-09 14:04:41,865 - INFO - Load pretrained SentenceTransformer: sentence-transformers/all-mpnet-base-v2
2025-05-09 14:10:07,022 - INFO - Use pytorch device_name: cpu
2025-05-09 14:10:07,023 - INFO - Load pretrained SentenceTransformer: sentence-transformers/all-mpnet-base-v2
2025-05-09 14:20:34,497 - INFO - Use pytorch device_name: cpu
2025-05-09 14:20:34,497 - INFO - Load pretrained SentenceTransformer: sentence-transformers/all-mpnet-base-v2
2025-05-09 14:28:02,590 - INFO - Use pytorch device_name: cpu
2025-05-09 14:28:02,590 - INFO - Load pretrained SentenceTransformer: sentence-transformers/all-mpnet-base-v2
2025-05-09 14:29:39,380 - INFO - Use pytorch device_name: cpu
2025-05-09 14:29:39,380 - INFO - Load pretrained SentenceTransformer: sentence-transformers/all-mpnet-base-v2
2025-05-09 14:32:27,075 - INFO - Use pytorch device_name: cpu
2025-05-09 14:32:27,075 - INFO - Load pretrained SentenceTransformer: sentence-transformers/all-mpnet-base-v2
2025-05-09 14:33:09,005 - INFO - Use pytorch device_name: cpu
2025-05-09 14:33:09,005 - INFO - Load pretrained SentenceTransformer: sentence-transformers/all-mpnet-base-v2
2025-05-09 15:02:18,063 - INFO - Use pytorch device_name: cpu
2025-05-09 15:02:18,063 - INFO - Load pretrained SentenceTransformer: sentence-transformers/all-mpnet-base-v2
2025-05-09 15:05:32,234 - INFO - Use pytorch device_name: cpu
2025-05-09 15:05:32,234 - INFO - Load pretrained SentenceTransformer: sentence-transformers/all-mpnet-base-v2
2025-05-09 15:08:14,605 - INFO - Use pytorch device_name: cpu
2025-05-09 15:08:14,606 - INFO - Load pretrained SentenceTransformer: sentence-transformers/all-mpnet-base-v2
2025-05-09 15:13:40,808 - INFO - Use pytorch device_name: cpu
2025-05-09 15:13:40,809 - INFO - Load pretrained SentenceTransformer: sentence-transformers/all-mpnet-base-v2
2025-05-09 15:18:58,878 - INFO - Use pytorch device_name: cpu
2025-05-09 15:18:58,878 - INFO - Load pretrained SentenceTransformer: sentence-transformers/all-mpnet-base-v2
2025-05-09 15:32:21,287 - INFO - Use pytorch device_name: cpu
2025-05-09 15:32:21,288 - INFO - Load pretrained SentenceTransformer: sentence-transformers/all-mpnet-base-v2
2025-05-09 15:34:02,976 - INFO - Use pytorch device_name: cpu
2025-05-09 15:34:02,977 - INFO - Load pretrained SentenceTransformer: sentence-transformers/all-mpnet-base-v2
2025-05-09 15:37:07,661 - INFO - Use pytorch device_name: cpu
2025-05-09 15:37:07,662 - INFO - Load pretrained SentenceTransformer: sentence-transformers/all-mpnet-base-v2
2025-05-09 15:44:19,937 - INFO - Use pytorch device_name: cpu
2025-05-09 15:44:19,938 - INFO - Load pretrained SentenceTransformer: sentence-transformers/all-mpnet-base-v2
2025-05-10 00:29:42,997 - INFO - Use pytorch device_name: cpu
2025-05-10 00:29:43,004 - INFO - Load pretrained SentenceTransformer: sentence-transformers/all-mpnet-base-v2
2025-05-10 00:31:17,590 - INFO - Use pytorch device_name: cpu
2025-05-10 00:31:17,591 - INFO - Load pretrained SentenceTransformer: sentence-transformers/all-mpnet-base-v2
2025-05-10 03:51:12,037 - INFO - Use pytorch device_name: cpu
2025-05-10 03:51:12,037 - INFO - Load pretrained SentenceTransformer: sentence-transformers/all-mpnet-base-v2
2025-05-10 13:19:09,899 - INFO - Use pytorch device_name: cpu
2025-05-10 13:19:09,899 - INFO - Load pretrained SentenceTransformer: sentence-transformers/all-mpnet-base-v2
2025-05-10 13:30:49,063 - INFO - Use pytorch device_name: cpu
2025-05-10 13:30:49,063 - INFO - Load pretrained SentenceTransformer: sentence-transformers/all-mpnet-base-v2
2025-05-10 13:39:24,805 - INFO - Use pytorch device_name: cpu
2025-05-10 13:39:24,806 - INFO - Load pretrained SentenceTransformer: sentence-transformers/all-mpnet-base-v2
2025-05-10 13:39:33,144 - INFO - Use pytorch device_name: cpu
2025-05-10 13:39:33,144 - INFO - Load pretrained SentenceTransformer: sentence-transformers/all-mpnet-base-v2
2025-05-10 13:46:52,567 - INFO - Use pytorch device_name: cpu
2025-05-10 13:46:52,567 - INFO - Load pretrained SentenceTransformer: sentence-transformers/all-mpnet-base-v2
2025-05-10 13:49:12,299 - INFO - Use pytorch device_name: cpu
2025-05-10 13:49:12,300 - INFO - Load pretrained SentenceTransformer: sentence-transformers/all-mpnet-base-v2
2025-05-10 13:49:35,202 - INFO - Use pytorch device_name: cpu
2025-05-10 13:49:35,202 - INFO - Load pretrained SentenceTransformer: sentence-transformers/all-mpnet-base-v2
2025-05-10 14:04:32,836 - INFO - Use pytorch device_name: cpu
2025-05-10 14:04:32,836 - INFO - Load pretrained SentenceTransformer: sentence-transformers/all-mpnet-base-v2
2025-05-10 14:04:42,895 - INFO - Use pytorch device_name: cpu
2025-05-10 14:04:42,895 - INFO - Load pretrained SentenceTransformer: sentence-transformers/all-mpnet-base-v2
2025-05-10 14:04:53,853 - INFO - Use pytorch device_name: cpu
2025-05-10 14:04:53,853 - INFO - Load pretrained SentenceTransformer: sentence-transformers/all-mpnet-base-v2
2025-05-10 14:06:40,923 - INFO - Use pytorch device_name: cpu
2025-05-10 14:06:40,924 - INFO - Load pretrained SentenceTransformer: sentence-transformers/all-mpnet-base-v2
2025-05-10 14:07:08,826 - INFO - Use pytorch device_name: cpu
2025-05-10 14:07:08,826 - INFO - Load pretrained SentenceTransformer: sentence-transformers/all-mpnet-base-v2
2025-05-10 14:08:31,283 - INFO - 🔍 Đang tìm kiếm với truy vấn: lý lịch
2025-05-10 14:08:31,412 - INFO - Query embedding: [-0.01856828  0.04683721  0.01385444  0.02048498 -0.0161213   0.0077285
  0.02166358 -0.01622082  0.01213117 -0.00691393]
2025-05-10 14:08:31,417 - ERROR - Lỗi trong quá trình tìm kiếm: relation "froms" does not exist
LINE 3:             FROM froms
                         ^

2025-05-10 14:09:09,882 - INFO - Use pytorch device_name: cpu
2025-05-10 14:09:09,883 - INFO - Load pretrained SentenceTransformer: sentence-transformers/all-mpnet-base-v2
2025-05-10 14:09:18,663 - INFO - Use pytorch device_name: cpu
2025-05-10 14:09:18,664 - INFO - Load pretrained SentenceTransformer: sentence-transformers/all-mpnet-base-v2
2025-05-10 14:09:28,557 - INFO - Use pytorch device_name: cpu
2025-05-10 14:09:28,558 - INFO - Load pretrained SentenceTransformer: sentence-transformers/all-mpnet-base-v2
2025-05-10 14:09:36,145 - INFO - Use pytorch device_name: cpu
2025-05-10 14:09:36,145 - INFO - Load pretrained SentenceTransformer: sentence-transformers/all-mpnet-base-v2
2025-05-10 14:09:43,859 - INFO - Use pytorch device_name: cpu
2025-05-10 14:09:43,860 - INFO - Load pretrained SentenceTransformer: sentence-transformers/all-mpnet-base-v2
2025-05-10 14:09:57,060 - INFO - Use pytorch device_name: cpu
2025-05-10 14:09:57,061 - INFO - Load pretrained SentenceTransformer: sentence-transformers/all-mpnet-base-v2
2025-05-10 14:12:27,205 - INFO - 🔍 Đang tìm kiếm với truy vấn: lý lịch
2025-05-10 14:12:27,905 - INFO - Query embedding: [-0.01856828  0.04683721  0.01385444  0.02048498 -0.0161213   0.0077285
  0.02166358 -0.01622082  0.01213117 -0.00691393]
2025-05-10 14:12:46,084 - INFO - 🔍 Đang tìm kiếm với truy vấn: lý lịch
2025-05-10 14:12:46,152 - INFO - Query embedding: [-0.01856828  0.04683721  0.01385444  0.02048498 -0.0161213   0.0077285
  0.02166358 -0.01622082  0.01213117 -0.00691393]
2025-05-10 14:12:56,781 - INFO - 🔍 Đang tìm kiếm với truy vấn: lý lịch
2025-05-10 14:12:56,832 - INFO - Query embedding: [-0.01856828  0.04683721  0.01385444  0.02048498 -0.0161213   0.0077285
  0.02166358 -0.01622082  0.01213117 -0.00691393]
2025-05-10 14:20:55,277 - INFO - Use pytorch device_name: cpu
2025-05-10 14:20:55,278 - INFO - Load pretrained SentenceTransformer: sentence-transformers/all-mpnet-base-v2
2025-05-10 14:24:02,547 - INFO - Use pytorch device_name: cpu
2025-05-10 14:24:02,547 - INFO - Load pretrained SentenceTransformer: sentence-transformers/all-mpnet-base-v2
2025-05-10 14:24:12,167 - INFO - Use pytorch device_name: cpu
2025-05-10 14:24:12,168 - INFO - Load pretrained SentenceTransformer: sentence-transformers/all-mpnet-base-v2
2025-05-10 14:24:19,634 - INFO - Use pytorch device_name: cpu
2025-05-10 14:24:19,634 - INFO - Load pretrained SentenceTransformer: sentence-transformers/all-mpnet-base-v2
2025-05-10 14:24:37,063 - INFO - Use pytorch device_name: cpu
2025-05-10 14:24:37,064 - INFO - Load pretrained SentenceTransformer: sentence-transformers/all-mpnet-base-v2
2025-05-10 14:25:16,667 - INFO - 🔍 Đang tìm kiếm với truy vấn: lý lịch
2025-05-10 14:25:16,825 - INFO - Query embedding: [-0.01856828  0.04683721  0.01385444  0.02048498 -0.0161213   0.0077285
  0.02166358 -0.01622082  0.01213117 -0.00691393]
2025-05-10 14:25:32,039 - INFO - 🔍 Đang tìm kiếm với truy vấn: lý lich
2025-05-10 14:25:32,085 - INFO - Query embedding: [-0.01856828  0.04683721  0.01385444  0.02048498 -0.0161213   0.0077285
  0.02166358 -0.01622082  0.01213117 -0.00691393]
2025-05-10 14:25:33,837 - INFO - 🔍 Đang tìm kiếm với truy vấn: lý lịc
2025-05-10 14:25:33,910 - INFO - Query embedding: [ 0.01573523  0.03367148 -0.00295363  0.06361292  0.03293373  0.05040866
  0.01100875  0.01193377  0.01020892  0.03506453]
2025-05-10 14:25:38,217 - INFO - 🔍 Đang tìm kiếm với truy vấn: lchuyern
2025-05-10 14:25:38,270 - INFO - Query embedding: [ 0.00416322  0.03637163  0.02477782  0.01543745 -0.09020206  0.02834086
  0.00111641  0.01561999  0.03002966  0.02506457]
2025-05-10 14:25:38,751 - INFO - 🔍 Đang tìm kiếm với truy vấn: lchuyern
2025-05-10 14:25:38,794 - INFO - Query embedding: [ 0.00416322  0.03637163  0.02477782  0.01543745 -0.09020206  0.02834086
  0.00111641  0.01561999  0.03002966  0.02506457]
2025-05-10 14:25:41,292 - INFO - 🔍 Đang tìm kiếm với truy vấn: chuyển
2025-05-10 14:25:41,339 - INFO - Query embedding: [-0.00850854  0.01851814  0.02055727 -0.01859646  0.00501207  0.03299134
 -0.0740064  -0.00174875 -0.0832968   0.0061841 ]
2025-05-10 14:25:43,008 - INFO - 🔍 Đang tìm kiếm với truy vấn: chuyển ngah
2025-05-10 14:25:43,053 - INFO - Query embedding: [-0.00666166  0.01080139  0.00692337 -0.02203011  0.01765971  0.03311316
 -0.07532883 -0.01714476 -0.03437899  0.02365403]
2025-05-10 14:25:44,459 - INFO - 🔍 Đang tìm kiếm với truy vấn: chuyển ngành
2025-05-10 14:25:44,507 - INFO - Query embedding: [-0.01405489  0.01986887  0.01321012 -0.02574739 -0.00396613  0.03001745
 -0.07121783 -0.02269231 -0.03087061 -0.00020456]
2025-05-10 14:26:15,312 - INFO - 🔍 Đang tìm kiếm với truy vấn: chuyển ngành
2025-05-10 14:26:15,405 - INFO - Query embedding: [-0.01405489  0.01986887  0.01321012 -0.02574739 -0.00396613  0.03001745
 -0.07121783 -0.02269231 -0.03087061 -0.00020456]
2025-05-10 14:27:15,824 - INFO - Use pytorch device_name: cpu
2025-05-10 14:27:15,824 - INFO - Load pretrained SentenceTransformer: sentence-transformers/all-mpnet-base-v2
2025-05-10 14:27:51,806 - INFO - Use pytorch device_name: cpu
2025-05-10 14:27:51,807 - INFO - Load pretrained SentenceTransformer: sentence-transformers/all-mpnet-base-v2
2025-05-10 14:28:11,270 - INFO - 🔍 Đang tìm kiếm với truy vấn: chuyển ngành
2025-05-10 14:28:11,386 - INFO - Query embedding: [-0.01405489  0.01986887  0.01321012 -0.02574739 -0.00396613  0.03001745
 -0.07121783 -0.02269231 -0.03087061 -0.00020456]
2025-05-10 14:28:11,392 - ERROR - Lỗi trong quá trình tìm kiếm: tuple index out of range
2025-05-10 14:28:19,635 - INFO - 🔍 Đang tìm kiếm với truy vấn: lý lịch
2025-05-10 14:28:19,694 - INFO - Query embedding: [-0.01856828  0.04683721  0.01385444  0.02048498 -0.0161213   0.0077285
  0.02166358 -0.01622082  0.01213117 -0.00691393]
2025-05-10 14:28:19,698 - ERROR - Lỗi trong quá trình tìm kiếm: tuple index out of range
2025-05-10 14:28:38,535 - INFO - Use pytorch device_name: cpu
2025-05-10 14:28:38,535 - INFO - Load pretrained SentenceTransformer: sentence-transformers/all-mpnet-base-v2
2025-05-10 14:28:51,955 - INFO - Use pytorch device_name: cpu
2025-05-10 14:28:51,956 - INFO - Load pretrained SentenceTransformer: sentence-transformers/all-mpnet-base-v2
2025-05-10 14:29:43,600 - INFO - 🔍 Đang tìm kiếm với truy vấn: lý lịch
2025-05-10 14:29:43,681 - INFO - Query embedding: [-0.01856828  0.04683721  0.01385444  0.02048498 -0.0161213   0.0077285
  0.02166358 -0.01622082  0.01213117 -0.00691393]
2025-05-10 14:29:47,782 - INFO - 🔍 Đang tìm kiếm với truy vấn: chuyển ngành
2025-05-10 14:29:47,837 - INFO - Query embedding: [-0.01405489  0.01986887  0.01321012 -0.02574739 -0.00396613  0.03001745
 -0.07121783 -0.02269231 -0.03087061 -0.00020456]
2025-05-10 14:29:55,409 - INFO - 🔍 Đang tìm kiếm với truy vấn: chuyển ngành
2025-05-10 14:29:55,470 - INFO - Query embedding: [-0.01405489  0.01986887  0.01321012 -0.02574739 -0.00396613  0.03001745
 -0.07121783 -0.02269231 -0.03087061 -0.00020456]
2025-05-10 14:30:17,712 - INFO - Use pytorch device_name: cpu
2025-05-10 14:30:17,712 - INFO - Load pretrained SentenceTransformer: sentence-transformers/all-mpnet-base-v2
2025-05-10 14:30:42,944 - INFO - Use pytorch device_name: cpu
2025-05-10 14:30:42,944 - INFO - Load pretrained SentenceTransformer: sentence-transformers/all-mpnet-base-v2
2025-05-10 14:31:29,936 - INFO - 🔍 Đang tìm kiếm với truy vấn: chuyển ngành
2025-05-10 14:31:30,005 - INFO - Query embedding: [-0.01405489  0.01986887  0.01321012 -0.02574739 -0.00396613  0.03001745
 -0.07121783 -0.02269231 -0.03087061 -0.00020456]
2025-05-10 14:34:16,799 - INFO - Use pytorch device_name: cpu
2025-05-10 14:34:16,799 - INFO - Load pretrained SentenceTransformer: sentence-transformers/all-mpnet-base-v2
2025-05-10 14:34:24,343 - INFO - Use pytorch device_name: cpu
2025-05-10 14:34:24,343 - INFO - Load pretrained SentenceTransformer: sentence-transformers/all-mpnet-base-v2
2025-05-10 14:35:11,618 - INFO - Use pytorch device_name: cpu
2025-05-10 14:35:11,619 - INFO - Load pretrained SentenceTransformer: sentence-transformers/all-mpnet-base-v2
2025-05-10 14:35:56,427 - INFO - 🔍 Đang tìm kiếm với truy vấn: chuyển ngành
2025-05-10 14:35:56,508 - INFO - Query embedding: [-0.01405489  0.01986887  0.01321012 -0.02574739 -0.00396613  0.03001745
 -0.07121783 -0.02269231 -0.03087061 -0.00020456]
2025-05-10 14:36:22,498 - INFO - 🔍 Đang tìm kiếm với truy vấn: chuyển ngành
2025-05-10 14:36:22,577 - INFO - Query embedding: [-0.01405489  0.01986887  0.01321012 -0.02574739 -0.00396613  0.03001745
 -0.07121783 -0.02269231 -0.03087061 -0.00020456]
2025-05-10 14:37:06,753 - INFO - 🔍 Đang tìm kiếm với truy vấn: lý lịch
2025-05-10 14:37:07,278 - INFO - Query embedding: [-0.01856828  0.04683721  0.01385444  0.02048498 -0.0161213   0.0077285
  0.02166358 -0.01622082  0.01213117 -0.00691393]
2025-05-10 14:37:14,929 - INFO - 🔍 Đang tìm kiếm với truy vấn: nghỉ học
2025-05-10 14:37:14,988 - INFO - Query embedding: [-8.5812639e-03 -3.4078255e-02  3.5385380e-03 -9.6632655e-05
  2.2627485e-03 -1.9360527e-02 -3.8872540e-02 -1.1394650e-02
  4.0264647e-02 -4.7683781e-03]
